2024-02-02 15:43:02,581 INFO o.a.j.u.JMeterUtils: Setting Locale to en_EN
2024-02-02 15:43:02,683 INFO o.a.j.JMeter: Loading user properties from: user.properties
2024-02-02 15:43:02,708 INFO o.a.j.JMeter: Loading system properties from: system.properties
2024-02-02 15:43:02,728 INFO o.a.j.JMeter: Copyright (c) 1998-2024 The Apache Software Foundation
2024-02-02 15:43:02,728 INFO o.a.j.JMeter: Version 5.6.3
2024-02-02 15:43:02,728 INFO o.a.j.JMeter: java.version=11.0.16.1
2024-02-02 15:43:02,728 INFO o.a.j.JMeter: java.vm.name=OpenJDK 64-Bit Server VM
2024-02-02 15:43:02,728 INFO o.a.j.JMeter: os.name=Windows 11
2024-02-02 15:43:02,728 INFO o.a.j.JMeter: os.arch=amd64
2024-02-02 15:43:02,728 INFO o.a.j.JMeter: os.version=10.0
2024-02-02 15:43:02,729 INFO o.a.j.JMeter: file.encoding=Cp1252
2024-02-02 15:43:02,730 INFO o.a.j.JMeter: java.awt.headless=null
2024-02-02 15:43:02,730 INFO o.a.j.JMeter: Max memory     =1073741824
2024-02-02 15:43:02,730 INFO o.a.j.JMeter: Available Processors =8
2024-02-02 15:43:02,751 INFO o.a.j.JMeter: Default Locale=English (EN)
2024-02-02 15:43:02,751 INFO o.a.j.JMeter: JMeter  Locale=English (EN)
2024-02-02 15:43:02,751 INFO o.a.j.JMeter: JMeterHome=F:\Microservices\apache-jmeter-5.6.3
2024-02-02 15:43:02,752 INFO o.a.j.JMeter: user.dir  =F:\Microservices\apache-jmeter-5.6.3\bin
2024-02-02 15:43:02,752 INFO o.a.j.JMeter: PWD       =F:\Microservices\apache-jmeter-5.6.3\bin
2024-02-02 15:43:02,754 INFO o.a.j.JMeter: IP: 192.168.29.79 Name: DipRabadiya FullName: DipRabadiya
2024-02-02 15:43:02,778 INFO o.a.j.JMeter: Loaded icon properties from org/apache/jmeter/images/icon.properties
2024-02-02 15:43:03,428 INFO o.a.j.JMeterGuiLauncher: Setting LAF to: com.github.weisj.darklaf.DarkLaf:com.github.weisj.darklaf.theme.DarculaTheme
2024-02-02 15:44:09,939 INFO o.a.j.p.h.s.HTTPSamplerBase: Parser for text/html is org.apache.jmeter.protocol.http.parser.LagartoBasedHtmlParser
2024-02-02 15:44:09,941 INFO o.a.j.p.h.s.HTTPSamplerBase: Parser for application/xhtml+xml is org.apache.jmeter.protocol.http.parser.LagartoBasedHtmlParser
2024-02-02 15:44:09,941 INFO o.a.j.p.h.s.HTTPSamplerBase: Parser for application/xml is org.apache.jmeter.protocol.http.parser.LagartoBasedHtmlParser
2024-02-02 15:44:09,942 INFO o.a.j.p.h.s.HTTPSamplerBase: Parser for text/xml is org.apache.jmeter.protocol.http.parser.LagartoBasedHtmlParser
2024-02-02 15:44:09,942 INFO o.a.j.p.h.s.HTTPSamplerBase: Parser for text/vnd.wap.wml is org.apache.jmeter.protocol.http.parser.RegexpHTMLParser
2024-02-02 15:44:09,942 INFO o.a.j.p.h.s.HTTPSamplerBase: Parser for text/css is org.apache.jmeter.protocol.http.parser.CssParser
2024-02-02 15:47:59,610 INFO o.a.j.s.SampleResult: Note: Sample TimeStamps are START times
2024-02-02 15:47:59,624 INFO o.a.j.s.SampleResult: sampleresult.default.encoding is set to UTF-8
2024-02-02 15:47:59,625 INFO o.a.j.s.SampleResult: sampleresult.useNanoTime=true
2024-02-02 15:47:59,626 INFO o.a.j.s.SampleResult: sampleresult.nanoThreadSleep=5000
2024-02-02 15:48:32,366 INFO o.a.j.s.FileServer: Default base='F:\Microservices\apache-jmeter-5.6.3\bin'
2024-02-02 15:48:32,369 INFO o.a.j.s.FileServer: Set new base='F:\Microservices\apache-jmeter-5.6.3\bin'
2024-02-02 15:48:33,194 INFO o.a.j.s.SaveService: Testplan (JMX) version: 2.2. Testlog (JTL) version: 2.2
2024-02-02 15:48:33,389 INFO o.a.j.s.SaveService: Using SaveService properties version 5.0
2024-02-02 15:48:33,395 INFO o.a.j.s.SaveService: Using SaveService properties file encoding UTF-8
2024-02-02 15:48:33,489 INFO o.a.j.e.StandardJMeterEngine: Running the test!
2024-02-02 15:48:33,492 INFO o.a.j.s.SampleEvent: List of sample_variables: []
2024-02-02 15:48:33,492 INFO o.a.j.s.SampleEvent: List of sample_variables: []
2024-02-02 15:48:33,494 INFO o.a.j.e.u.CompoundVariable: Note: Function class names must contain the string: '.functions.'
2024-02-02 15:48:33,495 INFO o.a.j.e.u.CompoundVariable: Note: Function class names must not contain the string: '.gui.'
2024-02-02 15:48:34,302 INFO o.a.j.g.u.JMeterMenuBar: setRunning(true, *local*)
2024-02-02 15:48:34,391 INFO o.a.j.e.StandardJMeterEngine: Starting ThreadGroup: 1 : Thread Group
2024-02-02 15:48:34,392 INFO o.a.j.e.StandardJMeterEngine: Starting 15 threads for group Thread Group.
2024-02-02 15:48:34,392 INFO o.a.j.e.StandardJMeterEngine: Thread will continue on error
2024-02-02 15:48:34,392 INFO o.a.j.t.ThreadGroup: Starting thread group... number=1 threads=15 ramp-up=1 delayedStart=false
2024-02-02 15:48:34,404 INFO o.a.j.t.JMeterThread: Thread started: Thread Group 1-1
2024-02-02 15:48:34,425 INFO o.a.j.t.ThreadGroup: Started thread group number 1
2024-02-02 15:48:34,425 INFO o.a.j.e.StandardJMeterEngine: All thread groups have been started
2024-02-02 15:48:34,461 INFO o.a.j.p.h.s.HTTPHCAbstractImpl: Local host = DipRabadiya
2024-02-02 15:48:34,468 INFO o.a.j.t.JMeterThread: Thread started: Thread Group 1-2
2024-02-02 15:48:34,482 INFO o.a.j.p.h.s.HTTPHC4Impl: HTTP request retry count = 0
2024-02-02 15:48:34,537 INFO o.a.j.t.JMeterThread: Thread started: Thread Group 1-3
2024-02-02 15:48:34,599 INFO o.a.j.t.JMeterThread: Thread started: Thread Group 1-4
2024-02-02 15:48:34,667 INFO o.a.j.t.JMeterThread: Thread started: Thread Group 1-5
2024-02-02 15:48:34,732 INFO o.a.j.t.JMeterThread: Thread started: Thread Group 1-6
2024-02-02 15:48:34,799 INFO o.a.j.t.JMeterThread: Thread started: Thread Group 1-7
2024-02-02 15:48:34,832 INFO o.a.j.t.JMeterThread: Thread is done: Thread Group 1-5
2024-02-02 15:48:34,832 INFO o.a.j.t.JMeterThread: Thread is done: Thread Group 1-3
2024-02-02 15:48:34,832 INFO o.a.j.t.JMeterThread: Thread is done: Thread Group 1-1
2024-02-02 15:48:34,832 INFO o.a.j.t.JMeterThread: Thread is done: Thread Group 1-6
2024-02-02 15:48:34,832 INFO o.a.j.t.JMeterThread: Thread finished: Thread Group 1-5
2024-02-02 15:48:34,832 INFO o.a.j.t.JMeterThread: Thread finished: Thread Group 1-3
2024-02-02 15:48:34,833 INFO o.a.j.t.JMeterThread: Thread finished: Thread Group 1-6
2024-02-02 15:48:34,832 INFO o.a.j.t.JMeterThread: Thread finished: Thread Group 1-1
2024-02-02 15:48:34,859 INFO o.a.j.t.JMeterThread: Thread is done: Thread Group 1-7
2024-02-02 15:48:34,859 INFO o.a.j.t.JMeterThread: Thread finished: Thread Group 1-7
2024-02-02 15:48:34,870 INFO o.a.j.t.JMeterThread: Thread started: Thread Group 1-8
2024-02-02 15:48:34,897 INFO o.a.j.t.JMeterThread: Thread is done: Thread Group 1-8
2024-02-02 15:48:34,897 INFO o.a.j.t.JMeterThread: Thread finished: Thread Group 1-8
2024-02-02 15:48:34,934 INFO o.a.j.t.JMeterThread: Thread started: Thread Group 1-9
2024-02-02 15:48:34,980 INFO o.a.j.t.JMeterThread: Thread is done: Thread Group 1-9
2024-02-02 15:48:34,981 INFO o.a.j.t.JMeterThread: Thread finished: Thread Group 1-9
2024-02-02 15:48:35,001 INFO o.a.j.t.JMeterThread: Thread started: Thread Group 1-10
2024-02-02 15:48:35,067 INFO o.a.j.t.JMeterThread: Thread is done: Thread Group 1-10
2024-02-02 15:48:35,067 INFO o.a.j.t.JMeterThread: Thread finished: Thread Group 1-10
2024-02-02 15:48:35,070 INFO o.a.j.t.JMeterThread: Thread started: Thread Group 1-11
2024-02-02 15:48:35,094 INFO o.a.j.t.JMeterThread: Thread is done: Thread Group 1-11
2024-02-02 15:48:35,095 INFO o.a.j.t.JMeterThread: Thread finished: Thread Group 1-11
2024-02-02 15:48:35,136 INFO o.a.j.t.JMeterThread: Thread started: Thread Group 1-12
2024-02-02 15:48:35,164 INFO o.a.j.t.JMeterThread: Thread is done: Thread Group 1-12
2024-02-02 15:48:35,164 INFO o.a.j.t.JMeterThread: Thread finished: Thread Group 1-12
2024-02-02 15:48:35,205 INFO o.a.j.t.JMeterThread: Thread started: Thread Group 1-13
2024-02-02 15:48:35,232 INFO o.a.j.t.JMeterThread: Thread is done: Thread Group 1-13
2024-02-02 15:48:35,232 INFO o.a.j.t.JMeterThread: Thread finished: Thread Group 1-13
2024-02-02 15:48:35,270 INFO o.a.j.t.JMeterThread: Thread started: Thread Group 1-14
2024-02-02 15:48:35,280 INFO o.a.j.t.JMeterThread: Thread is done: Thread Group 1-4
2024-02-02 15:48:35,280 INFO o.a.j.t.JMeterThread: Thread finished: Thread Group 1-4
2024-02-02 15:48:35,311 INFO o.a.j.t.JMeterThread: Thread is done: Thread Group 1-14
2024-02-02 15:48:35,311 INFO o.a.j.t.JMeterThread: Thread finished: Thread Group 1-14
2024-02-02 15:48:35,333 INFO o.a.j.t.JMeterThread: Thread started: Thread Group 1-15
2024-02-02 15:48:35,347 INFO o.a.j.t.JMeterThread: Thread is done: Thread Group 1-2
2024-02-02 15:48:35,347 INFO o.a.j.t.JMeterThread: Thread finished: Thread Group 1-2
2024-02-02 15:48:35,367 INFO o.a.j.t.JMeterThread: Thread is done: Thread Group 1-15
2024-02-02 15:48:35,367 INFO o.a.j.t.JMeterThread: Thread finished: Thread Group 1-15
2024-02-02 15:48:35,371 INFO o.a.j.e.StandardJMeterEngine: Notifying test listeners of end of test
2024-02-02 15:48:35,372 INFO o.a.j.g.u.JMeterMenuBar: setRunning(false, *local*)
2024-02-02 15:50:24,449 INFO o.a.j.e.StandardJMeterEngine: Running the test!
2024-02-02 15:50:24,456 INFO o.a.j.s.SampleEvent: List of sample_variables: []
2024-02-02 15:50:24,459 INFO o.a.j.g.u.JMeterMenuBar: setRunning(true, *local*)
2024-02-02 15:50:24,600 INFO o.a.j.e.StandardJMeterEngine: Starting ThreadGroup: 1 : Thread Group
2024-02-02 15:50:24,600 INFO o.a.j.e.StandardJMeterEngine: Starting 15 threads for group Thread Group.
2024-02-02 15:50:24,600 INFO o.a.j.e.StandardJMeterEngine: Thread will continue on error
2024-02-02 15:50:24,601 INFO o.a.j.t.ThreadGroup: Starting thread group... number=1 threads=15 ramp-up=1 delayedStart=false
2024-02-02 15:50:24,602 INFO o.a.j.t.JMeterThread: Thread started: Thread Group 1-1
2024-02-02 15:50:24,609 INFO o.a.j.t.ThreadGroup: Started thread group number 1
2024-02-02 15:50:24,609 INFO o.a.j.e.StandardJMeterEngine: All thread groups have been started
2024-02-02 15:50:24,671 INFO o.a.j.t.JMeterThread: Thread started: Thread Group 1-2
2024-02-02 15:50:24,737 INFO o.a.j.t.JMeterThread: Thread started: Thread Group 1-3
2024-02-02 15:50:24,804 INFO o.a.j.t.JMeterThread: Thread started: Thread Group 1-4
2024-02-02 15:50:24,874 INFO o.a.j.t.JMeterThread: Thread started: Thread Group 1-5
2024-02-02 15:50:24,940 INFO o.a.j.t.JMeterThread: Thread started: Thread Group 1-6
2024-02-02 15:50:25,007 INFO o.a.j.t.JMeterThread: Thread started: Thread Group 1-7
2024-02-02 15:50:25,034 INFO o.a.j.t.JMeterThread: Thread is done: Thread Group 1-6
2024-02-02 15:50:25,035 INFO o.a.j.t.JMeterThread: Thread finished: Thread Group 1-6
2024-02-02 15:50:25,035 INFO o.a.j.t.JMeterThread: Thread is done: Thread Group 1-2
2024-02-02 15:50:25,035 INFO o.a.j.t.JMeterThread: Thread finished: Thread Group 1-2
2024-02-02 15:50:25,036 INFO o.a.j.t.JMeterThread: Thread is done: Thread Group 1-5
2024-02-02 15:50:25,036 INFO o.a.j.t.JMeterThread: Thread is done: Thread Group 1-7
2024-02-02 15:50:25,037 INFO o.a.j.t.JMeterThread: Thread finished: Thread Group 1-5
2024-02-02 15:50:25,037 INFO o.a.j.t.JMeterThread: Thread finished: Thread Group 1-7
2024-02-02 15:50:25,040 INFO o.a.j.t.JMeterThread: Thread is done: Thread Group 1-3
2024-02-02 15:50:25,041 INFO o.a.j.t.JMeterThread: Thread finished: Thread Group 1-3
2024-02-02 15:50:25,074 INFO o.a.j.t.JMeterThread: Thread started: Thread Group 1-8
2024-02-02 15:50:25,123 INFO o.a.j.t.JMeterThread: Thread is done: Thread Group 1-8
2024-02-02 15:50:25,123 INFO o.a.j.t.JMeterThread: Thread finished: Thread Group 1-8
2024-02-02 15:50:25,141 INFO o.a.j.t.JMeterThread: Thread started: Thread Group 1-9
2024-02-02 15:50:25,160 INFO o.a.j.t.JMeterThread: Thread is done: Thread Group 1-9
2024-02-02 15:50:25,160 INFO o.a.j.t.JMeterThread: Thread finished: Thread Group 1-9
2024-02-02 15:50:25,207 INFO o.a.j.t.JMeterThread: Thread started: Thread Group 1-10
2024-02-02 15:50:25,224 INFO o.a.j.t.JMeterThread: Thread is done: Thread Group 1-10
2024-02-02 15:50:25,224 INFO o.a.j.t.JMeterThread: Thread finished: Thread Group 1-10
2024-02-02 15:50:25,274 INFO o.a.j.t.JMeterThread: Thread started: Thread Group 1-11
2024-02-02 15:50:25,291 INFO o.a.j.t.JMeterThread: Thread is done: Thread Group 1-11
2024-02-02 15:50:25,291 INFO o.a.j.t.JMeterThread: Thread finished: Thread Group 1-11
2024-02-02 15:50:25,341 INFO o.a.j.t.JMeterThread: Thread started: Thread Group 1-12
2024-02-02 15:50:25,357 INFO o.a.j.t.JMeterThread: Thread is done: Thread Group 1-12
2024-02-02 15:50:25,357 INFO o.a.j.t.JMeterThread: Thread finished: Thread Group 1-12
2024-02-02 15:50:25,406 INFO o.a.j.t.JMeterThread: Thread started: Thread Group 1-13
2024-02-02 15:50:25,420 INFO o.a.j.t.JMeterThread: Thread is done: Thread Group 1-13
2024-02-02 15:50:25,421 INFO o.a.j.t.JMeterThread: Thread finished: Thread Group 1-13
2024-02-02 15:50:25,474 INFO o.a.j.t.JMeterThread: Thread started: Thread Group 1-14
2024-02-02 15:50:25,489 INFO o.a.j.t.JMeterThread: Thread is done: Thread Group 1-14
2024-02-02 15:50:25,490 INFO o.a.j.t.JMeterThread: Thread finished: Thread Group 1-14
2024-02-02 15:50:25,541 INFO o.a.j.t.JMeterThread: Thread started: Thread Group 1-15
2024-02-02 15:50:25,566 INFO o.a.j.t.JMeterThread: Thread is done: Thread Group 1-15
2024-02-02 15:50:25,566 INFO o.a.j.t.JMeterThread: Thread finished: Thread Group 1-15
2024-02-02 15:50:26,084 INFO o.a.j.t.JMeterThread: Thread is done: Thread Group 1-4
2024-02-02 15:50:26,084 INFO o.a.j.t.JMeterThread: Thread finished: Thread Group 1-4
2024-02-02 15:50:26,090 INFO o.a.j.t.JMeterThread: Thread is done: Thread Group 1-1
2024-02-02 15:50:26,090 INFO o.a.j.t.JMeterThread: Thread finished: Thread Group 1-1
2024-02-02 15:50:26,091 INFO o.a.j.e.StandardJMeterEngine: Notifying test listeners of end of test
2024-02-02 15:50:26,091 INFO o.a.j.g.u.JMeterMenuBar: setRunning(false, *local*)
